2025-09-29 14:20:52,835 - app - INFO - Sending Create Order request to Iute for Order ID: 57c41c60-2aaa-48ef-8f5c-ae969ac673fc
2025-09-29 14:20:52,836 - app - INFO - Payload: {'myiutePhone': '+355682545298', 'orderId': '57c41c60-2aaa-48ef-8f5c-ae969ac673fc', 'totalAmount': 3500, 'currency': 'ALL', 'merchant': {'posIdentifier': '588a8772-5ce9-4864-b0fa-74c1c200b', 'salesmanIdentifier': 'your-cashier-id'}}
2025-09-29 14:20:55,286 - app - INFO - Iute Response: {'status': 'PENDING', 'message': 'Please log in to Myiute to continue checkout', 'myiuteCustomer': True}
2025-09-29 14:31:22,421 - app - INFO - Sending Create Order request to Iute for Order ID: 06928c20-10c3-45e0-a092-d6a1b517a77a
2025-09-29 14:31:22,422 - app - INFO - Payload: {'myiutePhone': '+355682545298', 'orderId': '06928c20-10c3-45e0-a092-d6a1b517a77a', 'totalAmount': 3500, 'currency': 'ALL', 'merchant': {'posIdentifier': '588a8772-5ce9-4864-b0fa-74c1c200b', 'salesmanIdentifier': 'your-cashier-id'}}
2025-09-29 14:31:23,633 - app - INFO - Iute Response: {'status': 'PENDING', 'message': 'Please log in to Myiute to continue checkout', 'myiuteCustomer': True}
2025-09-29 14:38:27,293 - app - INFO - Sending Create Order request to Iute for Order ID: a45c866f-d920-4344-8ace-e310e49770b6
2025-09-29 14:38:27,296 - app - INFO - Payload: {'myiutePhone': '+355682545298', 'orderId': 'a45c866f-d920-4344-8ace-e310e49770b6', 'totalAmount': 3500, 'currency': 'ALL', 'merchant': {'posIdentifier': '588a8772-5ce9-4864-b0fa-74c1c200b', 'salesmanIdentifier': 'your-cashier-id'}}
2025-09-29 14:38:28,420 - app - INFO - Iute Response: {'status': 'PENDING', 'message': 'Please log in to Myiute to continue checkout', 'myiuteCustomer': True}
2025-09-29 14:54:43,331 - app - INFO - Sending Create Order request to Iute for Order ID: b9a26581-d4f1-402d-8f3c-aac754f74584
2025-09-29 14:54:43,338 - app - INFO - Payload: {'myiutePhone': '+355682545298', 'orderId': 'b9a26581-d4f1-402d-8f3c-aac754f74584', 'totalAmount': 3800, 'currency': 'ALL', 'merchant': {'posIdentifier': '588a8772-5ce9-4864-b0fa-74c1c200b', 'salesmanIdentifier': 'your-cashier-id'}}
2025-09-29 14:54:44,726 - app - INFO - Iute Response: {'status': 'PENDING', 'message': 'Please log in to Myiute to continue checkout', 'myiuteCustomer': True}
2025-09-29 14:58:17,429 - app - INFO - Sending Create Order request to Iute for Order ID: c613b14c-1014-4705-9b14-6dfb56bd0e10
2025-09-29 14:58:17,434 - app - INFO - Payload: {'myiutePhone': '+355682545298', 'orderId': 'c613b14c-1014-4705-9b14-6dfb56bd0e10', 'totalAmount': 3500, 'currency': 'ALL', 'merchant': {'posIdentifier': '588a8772-5ce9-4864-b0fa-74c1c200b', 'salesmanIdentifier': 'postman-test-03'}}
2025-09-29 14:58:18,888 - app - INFO - Iute Response: {'status': 'PENDING', 'message': 'Please log in to Myiute to continue checkout', 'myiuteCustomer': True}
2025-10-02 11:30:13,391 - app - INFO - Checking status for Order ID: 887e883d-d77a-41e0-9382-df975d0bd2ef
2025-10-02 11:30:14,455 - app - ERROR - ERROR calling Iute status API for Order ID 887e883d-d77a-41e0-9382-df975d0bd2ef: 404 Client Error: Not Found for url: https://partner-api-dev.iute.al/api/v1/physical-api-partners/orders/887e883d-d77a-41e0-9382-df975d0bd2ef/order-status
2025-10-02 11:30:14,456 - app - WARNING - Order with ID '887e883d-d77a-41e0-9382-df975d0bd2ef' not found in Iute system.
2025-10-02 11:31:21,662 - app - INFO - Checking status for Order ID: 887e883d-d77a-41e0-9382-df975d0bd2ef
2025-10-02 11:31:22,586 - app - ERROR - ERROR calling Iute status API for Order ID 887e883d-d77a-41e0-9382-df975d0bd2ef: 404 Client Error: Not Found for url: https://partner-api-dev.iute.al/api/v1/physical-api-partners/orders/887e883d-d77a-41e0-9382-df975d0bd2ef/order-status
2025-10-02 11:31:22,587 - app - WARNING - Order with ID '887e883d-d77a-41e0-9382-df975d0bd2ef' not found in Iute system.
2025-10-02 11:32:33,790 - app - INFO - Checking status for Order ID: 887e883d-d77a-41e0-9382-df975d0bd2ef
2025-10-02 11:32:34,775 - app - ERROR - ERROR calling Iute status API for Order ID 887e883d-d77a-41e0-9382-df975d0bd2ef: 404 Client Error: Not Found for url: https://partner-api-dev.iute.al/api/v1/physical-api-partners/orders/887e883d-d77a-41e0-9382-df975d0bd2ef/order-status
2025-10-02 11:32:34,777 - app - WARNING - Order with ID '887e883d-d77a-41e0-9382-df975d0bd2ef' not found in Iute system.
2025-10-02 11:32:55,670 - app - INFO - Checking status for Order ID: 887e883d-d77a-41e0-9382-df975d0bd2ef
2025-10-02 11:32:56,518 - app - ERROR - ERROR calling Iute status API for Order ID 887e883d-d77a-41e0-9382-df975d0bd2ef: 404 Client Error: Not Found for url: https://partner-api-dev.iute.al/api/v1/physical-api-partners/orders/887e883d-d77a-41e0-9382-df975d0bd2ef/order-status
2025-10-02 11:32:56,518 - app - WARNING - Order with ID '887e883d-d77a-41e0-9382-df975d0bd2ef' not found in Iute system.
2025-10-02 11:36:04,629 - app - INFO - Checking status for Order ID: 887e883d-d77a-41e0-9382-df975d0bd2ef
2025-10-02 11:36:05,580 - app - ERROR - ERROR calling Iute status API for Order ID 887e883d-d77a-41e0-9382-df975d0bd2ef: 404 Client Error: Not Found for url: https://partner-api-dev.iute.al/api/v1/physical-api-partners/orders/887e883d-d77a-41e0-9382-df975d0bd2ef/order-status
2025-10-02 11:36:05,582 - app - WARNING - Order with ID '887e883d-d77a-41e0-9382-df975d0bd2ef' not found in Iute system.
2025-10-02 11:41:33,343 - app - INFO - Checking status for Order ID: 887e883d-d77a-41e0-9382-df975d0bd2ef
2025-10-02 11:41:34,263 - app - ERROR - ERROR calling Iute status API for Order ID 887e883d-d77a-41e0-9382-df975d0bd2ef: 404 Client Error: Not Found for url: https://partner-api-dev.iute.al/api/v1/physical-api-partners/orders/887e883d-d77a-41e0-9382-df975d0bd2ef/order-status
2025-10-02 11:41:34,265 - app - WARNING - Order with ID '887e883d-d77a-41e0-9382-df975d0bd2ef' not found in Iute system.
2025-10-02 11:55:23,697 - app - INFO - Checking status for Order ID: 887e883d-d77a-41e0-9382-df975d0bd2ef
2025-10-02 11:55:24,571 - app - ERROR - ERROR calling Iute status API for Order ID 887e883d-d77a-41e0-9382-df975d0bd2ef: 404 Client Error: Not Found for url: https://partner-api-dev.iute.al/api/v1/physical-api-partners/orders/887e883d-d77a-41e0-9382-df975d0bd2ef/order-status
2025-10-02 11:55:24,571 - app - WARNING - Order with ID '887e883d-d77a-41e0-9382-df975d0bd2ef' not found in Iute system.
2025-10-02 11:56:34,245 - app - INFO - Checking status for Order ID: 887e883d-d77a-41e0-9382-df975d0bd2ef
2025-10-02 11:56:35,134 - app - ERROR - ERROR calling Iute status API for Order ID 887e883d-d77a-41e0-9382-df975d0bd2ef: 404 Client Error: Not Found for url: https://partner-api-dev.iute.al/api/v1/physical-api-partners/orders/887e883d-d77a-41e0-9382-df975d0bd2ef/order-status
2025-10-02 11:56:35,134 - app - WARNING - Order with ID '887e883d-d77a-41e0-9382-df975d0bd2ef' not found in Iute system.
2025-10-02 11:56:44,948 - app - INFO - Checking status for Order ID: 887e883d-d77a-41e0-9382-df975d0bd2ef
2025-10-02 11:56:45,800 - app - ERROR - ERROR calling Iute status API for Order ID 887e883d-d77a-41e0-9382-df975d0bd2ef: 404 Client Error: Not Found for url: https://partner-api-dev.iute.al/api/v1/physical-api-partners/orders/887e883d-d77a-41e0-9382-df975d0bd2ef/order-status
2025-10-02 11:56:45,801 - app - WARNING - Order with ID '887e883d-d77a-41e0-9382-df975d0bd2ef' not found in Iute system.
2025-10-02 12:22:54,291 - app - INFO - Received a request on /iute/confirmation...
2025-10-02 12:22:54,292 - app - INFO - PAYMENT CONFIRMED for Order ID: simulated-order-12345
2025-10-02 12:33:33,284 - app - INFO - Received a request on /iute/confirmation...
2025-10-02 12:33:33,286 - app - INFO - PAYMENT CONFIRMED for Order ID: simulated-order-12345
2025-10-02 12:45:42,884 - app - INFO - Received a request on /iute/confirmation...
2025-10-02 12:45:42,884 - app - INFO - PAYMENT CONFIRMED for Order ID: simulated-order-12345
2025-10-02 12:45:45,313 - app - INFO - Received a request on /iute/confirmation...
2025-10-02 12:45:45,313 - app - INFO - PAYMENT CONFIRMED for Order ID: simulated-order-12345
2025-10-02 12:45:59,077 - app - INFO - Received a request on /iute/confirmation...
2025-10-02 12:45:59,077 - app - INFO - PAYMENT CONFIRMED for Order ID: simulated-order-12345
2025-10-02 12:46:00,662 - app - INFO - Received a request on /iute/confirmation...
2025-10-02 12:46:00,664 - app - INFO - PAYMENT CONFIRMED for Order ID: simulated-order-12345
2025-10-02 12:46:02,125 - app - INFO - Received a request on /iute/confirmation...
2025-10-02 12:46:02,126 - app - INFO - PAYMENT CONFIRMED for Order ID: simulated-order-12345
2025-10-02 12:46:05,238 - app - INFO - Received a request on /iute/confirmation...
2025-10-02 12:46:05,239 - app - INFO - PAYMENT CONFIRMED for Order ID: simulated-order-12345
2025-10-02 12:46:10,761 - app - INFO - Received a request on /iute/confirmation...
2025-10-02 12:46:10,762 - app - INFO - PAYMENT CONFIRMED for Order ID: simulated-order-12345
